[    30.112] (--) Log file renamed from "/home/aysukaya/.local/share/xorg/Xorg.pid-1351.log" to "/home/aysukaya/.local/share/xorg/Xorg.0.log"
[    30.113] 
X.Org X Server 1.20.1
X Protocol Version 11, Revision 0
[    30.113] Build Operating System: Linux 4.4.0-135-generic x86_64 Ubuntu
[    30.113] Current Operating System: Linux aysukaya-VirtualBox 4.18.0-10-generic #11-Ubuntu SMP Thu Oct 11 15:13:55 UTC 2018 x86_64
[    30.113] Kernel command line: BOOT_IMAGE=/boot/vmlinuz-4.18.0-10-generic root=/dev/mapper/ubuntu--vg-root ro quiet splash
[    30.113] Build Date: 02 October 2018  06:40:03PM
[    30.113] xorg-server 2:1.20.1-3ubuntu2 (For technical support please see http://www.ubuntu.com/support) 
[    30.113] Current version of pixman: 0.34.0
[    30.113] 	Before reporting problems, check http://wiki.x.org
	to make sure that you have the latest version.
[    30.113] Markers: (--) probed, (**) from config file, (==) default setting,
	(++) from command line, (!!) notice, (II) informational,
	(WW) warning, (EE) error, (NI) not implemented, (??) unknown.
[    30.113] (==) Log file: "/home/aysukaya/.local/share/xorg/Xorg.0.log", Time: Mon Dec  3 15:29:55 2018
[    30.114] (==) Using system config directory "/usr/share/X11/xorg.conf.d"
[    30.116] (==) No Layout section.  Using the first Screen section.
[    30.116] (==) No screen section available. Using defaults.
[    30.116] (**) |-->Screen "Default Screen Section" (0)
[    30.116] (**) |   |-->Monitor "<default monitor>"
[    30.117] (==) No monitor specified for screen "Default Screen Section".
	Using a default monitor configuration.
[    30.117] (==) Automatically adding devices
[    30.117] (==) Automatically enabling devices
[    30.117] (==) Automatically adding GPU devices
[    30.117] (==) Automatically binding GPU devices
[    30.117] (==) Max clients allowed: 256, resource mask: 0x1fffff
[    30.117] (WW) The directory "/usr/share/fonts/X11/cyrillic" does not exist.
[    30.117] 	Entry deleted from font path.
[    30.117] (WW) The directory "/usr/share/fonts/X11/100dpi/" does not exist.
[    30.117] 	Entry deleted from font path.
[    30.117] (WW) The directory "/usr/share/fonts/X11/75dpi/" does not exist.
[    30.117] 	Entry deleted from font path.
[    30.117] (WW) The directory "/usr/share/fonts/X11/100dpi" does not exist.
[    30.117] 	Entry deleted from font path.
[    30.117] (WW) The directory "/usr/share/fonts/X11/75dpi" does not exist.
[    30.117] 	Entry deleted from font path.
[    30.117] (==) FontPath set to:
	/usr/share/fonts/X11/misc,
	/usr/share/fonts/X11/Type1,
	built-ins
[    30.117] (==) ModulePath set to "/usr/lib/xorg/modules"
[    30.117] (II) The server relies on udev to provide the list of input devices.
	If no devices become available, reconfigure udev or disable AutoAddDevices.
[    30.117] (II) Loader magic: 0x55c270a4b020
[    30.117] (II) Module ABI versions:
[    30.117] 	X.Org ANSI C Emulation: 0.4
[    30.117] 	X.Org Video Driver: 24.0
[    30.117] 	X.Org XInput driver : 24.1
[    30.117] 	X.Org Server Extension : 10.0
[    30.118] (++) using VT number 2

[    30.124] (II) systemd-logind: took control of session /org/freedesktop/login1/session/_32
[    30.124] (II) xfree86: Adding drm device (/dev/dri/card0)
[    30.125] (II) systemd-logind: got fd for /dev/dri/card0 226:0 fd 12 paused 0
[    30.127] (--) PCI:*(0@0:2:0) 80ee:beef:0000:0000 rev 0, Mem @ 0xe0000000/16777216, BIOS @ 0x????????/131072
[    30.127] (II) LoadModule: "glx"
[    30.141] (II) Loading /usr/lib/xorg/modules/extensions/libglx.so
[    30.146] (II) Module glx: vendor="X.Org Foundation"
[    30.146] 	compiled for 1.20.1, module version = 1.0.0
[    30.146] 	ABI class: X.Org Server Extension, version 10.0
[    30.146] (==) Matched vboxvideo as autoconfigured driver 0
[    30.146] (==) Matched modesetting as autoconfigured driver 1
[    30.146] (==) Matched fbdev as autoconfigured driver 2
[    30.146] (==) Matched vesa as autoconfigured driver 3
[    30.147] (==) Assigned the driver to the xf86ConfigLayout
[    30.147] (II) LoadModule: "vboxvideo"
[    30.148] (WW) Warning, couldn't open module vboxvideo
[    30.148] (EE) Failed to load module "vboxvideo" (module does not exist, 0)
[    30.148] (II) LoadModule: "modesetting"
[    30.148] (II) Loading /usr/lib/xorg/modules/drivers/modesetting_drv.so
[    30.150] (II) Module modesetting: vendor="X.Org Foundation"
[    30.150] 	compiled for 1.20.1, module version = 1.20.1
[    30.150] 	Module class: X.Org Video Driver
[    30.150] 	ABI class: X.Org Video Driver, version 24.0
[    30.150] (II) LoadModule: "fbdev"
[    30.150] (II) Loading /usr/lib/xorg/modules/drivers/fbdev_drv.so
[    30.151] (II) Module fbdev: vendor="X.Org Foundation"
[    30.151] 	compiled for 1.20.1, module version = 0.5.0
[    30.152] 	Module class: X.Org Video Driver
[    30.152] 	ABI class: X.Org Video Driver, version 24.0
[    30.152] (II) LoadModule: "vesa"
[    30.152] (II) Loading /usr/lib/xorg/modules/drivers/vesa_drv.so
[    30.153] (II) Module vesa: vendor="X.Org Foundation"
[    30.153] 	compiled for 1.20.0, module version = 2.4.0
[    30.153] 	Module class: X.Org Video Driver
[    30.154] 	ABI class: X.Org Video Driver, version 24.0
[    30.154] (==) Matched vboxvideo as autoconfigured driver 0
[    30.154] (==) Matched modesetting as autoconfigured driver 1
[    30.154] (==) Matched fbdev as autoconfigured driver 2
[    30.154] (==) Matched vesa as autoconfigured driver 3
[    30.154] (==) Assigned the driver to the xf86ConfigLayout
[    30.154] (II) LoadModule: "vboxvideo"
[    30.154] (WW) Warning, couldn't open module vboxvideo
[    30.154] (EE) Failed to load module "vboxvideo" (module does not exist, 0)
[    30.154] (II) LoadModule: "modesetting"
[    30.155] (II) Loading /usr/lib/xorg/modules/drivers/modesetting_drv.so
[    30.155] (II) Module modesetting: vendor="X.Org Foundation"
[    30.155] 	compiled for 1.20.1, module version = 1.20.1
[    30.155] 	Module class: X.Org Video Driver
[    30.155] 	ABI class: X.Org Video Driver, version 24.0
[    30.155] (II) UnloadModule: "modesetting"
[    30.155] (II) Unloading modesetting
[    30.156] (II) Failed to load module "modesetting" (already loaded, 0)
[    30.156] (II) LoadModule: "fbdev"
[    30.156] (II) Loading /usr/lib/xorg/modules/drivers/fbdev_drv.so
[    30.156] (II) Module fbdev: vendor="X.Org Foundation"
[    30.156] 	compiled for 1.20.1, module version = 0.5.0
[    30.157] 	Module class: X.Org Video Driver
[    30.157] 	ABI class: X.Org Video Driver, version 24.0
[    30.157] (II) UnloadModule: "fbdev"
[    30.157] (II) Unloading fbdev
[    30.157] (II) Failed to load module "fbdev" (already loaded, 0)
[    30.157] (II) LoadModule: "vesa"
[    30.158] (II) Loading /usr/lib/xorg/modules/drivers/vesa_drv.so
[    30.158] (II) Module vesa: vendor="X.Org Foundation"
[    30.158] 	compiled for 1.20.0, module version = 2.4.0
[    30.158] 	Module class: X.Org Video Driver
[    30.158] 	ABI class: X.Org Video Driver, version 24.0
[    30.158] (II) UnloadModule: "vesa"
[    30.158] (II) Unloading vesa
[    30.158] (II) Failed to load module "vesa" (already loaded, 0)
[    30.158] (II) modesetting: Driver for Modesetting Kernel Drivers: kms
[    30.158] (II) FBDEV: driver for framebuffer: fbdev
[    30.159] (II) VESA: driver for VESA chipsets: vesa
[    30.159] xf86EnableIOPorts: failed to set IOPL for I/O (Operation not permitted)
[    30.159] (II) modeset(0): using drv /dev/dri/card0
[    30.159] (WW) Falling back to old probe method for fbdev
[    30.159] (II) Loading sub module "fbdevhw"
[    30.159] (II) LoadModule: "fbdevhw"
[    30.159] (II) Loading /usr/lib/xorg/modules/libfbdevhw.so
[    30.160] (II) Module fbdevhw: vendor="X.Org Foundation"
[    30.160] 	compiled for 1.20.1, module version = 0.0.2
[    30.161] 	ABI class: X.Org Video Driver, version 24.0
[    30.161] (EE) open /dev/fb0: Permission denied
[    30.161] (WW) VGA arbiter: cannot open kernel arbiter, no multi-card support
[    30.161] (II) modeset(0): Creating default Display subsection in Screen section
	"Default Screen Section" for depth/fbbpp 24/32
[    30.161] (==) modeset(0): Depth 24, (==) framebuffer bpp 32
[    30.161] (==) modeset(0): RGB weight 888
[    30.161] (==) modeset(0): Default visual is TrueColor
[    30.161] (II) Loading sub module "glamoregl"
[    30.161] (II) LoadModule: "glamoregl"
[    30.162] (II) Loading /usr/lib/xorg/modules/libglamoregl.so
[    30.166] (II) Module glamoregl: vendor="X.Org Foundation"
[    30.166] 	compiled for 1.20.1, module version = 1.0.1
[    30.167] 	ABI class: X.Org ANSI C Emulation, version 0.4
[    30.239] (II) modeset(0): Refusing to try glamor on llvmpipe
[    30.239] (EE) modeset(0): glamor initialization failed
[    30.240] (II) modeset(0): ShadowFB: preferred NO, enabled NO
[    30.240] (II) modeset(0): Output VGA-1 has no monitor section
[    30.241] (II) modeset(0): EDID for output VGA-1
[    30.241] (II) modeset(0): Manufacturer: VBX  Model: 0  Serial#: 62261120
[    30.241] (II) modeset(0): Year: 1990  Week: 1
[    30.241] (II) modeset(0): EDID Version: 1.3
[    30.241] (II) modeset(0): Digital Display Input
[    30.242] (II) modeset(0): Indeterminate output size
[    30.242] (II) modeset(0): Gamma: 2.20
[    30.242] (II) modeset(0): DPMS capabilities: StandBy Suspend Off
[    30.242] (II) modeset(0): Supported color encodings: RGB 4:4:4 YCrCb 4:4:4 
[    30.242] (II) modeset(0): Default color space is primary color space
[    30.242] (II) modeset(0): First detailed timing is preferred mode
[    30.242] (II) modeset(0): redX: 0.640 redY: 0.330   greenX: 0.300 greenY: 0.600
[    30.242] (II) modeset(0): blueX: 0.150 blueY: 0.060   whiteX: 0.312 whiteY: 0.329
[    30.242] (II) modeset(0): Manufacturer's mask: 0
[    30.242] (II) modeset(0): Supported detailed timing:
[    30.242] (II) modeset(0): clock: 110.5 MHz   Image Size:  0 x 0 mm
[    30.243] (II) modeset(0): h_active: 1920  h_sync: 1922  h_sync_end 1924 h_blank_end 1926 h_border: 0
[    30.243] (II) modeset(0): v_active: 950  v_sync: 950  v_sync_end 984 v_blanking: 956 v_border: 0
[    30.243] (II) modeset(0): Ranges: V min: 0 V max: 200 Hz, H min: 0 H max: 200 kHz, PixClock max 1005 MHz
[    30.243] (II) modeset(0): Monitor name: VBOX monitor
[    30.243] (II) modeset(0): EDID (in hex):
[    30.243] (II) modeset(0): 	00ffffffffffff00585800008007b603
[    30.243] (II) modeset(0): 	0100010380000078eeee91a3544c9926
[    30.243] (II) modeset(0): 	0f505400000001010101010101010101
[    30.243] (II) modeset(0): 	010101010101272b800670b606300202
[    30.243] (II) modeset(0): 	0202000000000000000000fd0000c800
[    30.243] (II) modeset(0): 	c864000a202020202020000000fc0056
[    30.244] (II) modeset(0): 	424f58206d6f6e69746f720a00000010
[    30.244] (II) modeset(0): 	000a20202020202020202020202000e9
[    30.244] (II) modeset(0): Printing probed modes for output VGA-1
[    30.244] (II) modeset(0): Modeline "1920x950"x60.0  150.43  1920 2032 2232 2544  950 953 963 986 -hsync +vsync (59.1 kHz P)
[    30.244] (II) modeset(0): Modeline "2560x1600"x60.0  348.50  2560 2752 3032 3504  1600 1603 1609 1658 -hsync +vsync (99.5 kHz e)
[    30.244] (II) modeset(0): Modeline "2560x1600"x60.0  268.50  2560 2608 2640 2720  1600 1603 1609 1646 +hsync -vsync (98.7 kHz e)
[    30.244] (II) modeset(0): Modeline "1920x1440"x60.0  234.00  1920 2048 2256 2600  1440 1441 1444 1500 -hsync +vsync (90.0 kHz e)
[    30.244] (II) modeset(0): Modeline "1856x1392"x60.0  218.25  1856 1952 2176 2528  1392 1393 1396 1439 -hsync +vsync (86.3 kHz e)
[    30.244] (II) modeset(0): Modeline "1792x1344"x60.0  204.75  1792 1920 2120 2448  1344 1345 1348 1394 -hsync +vsync (83.6 kHz e)
[    30.244] (II) modeset(0): Modeline "2048x1152"x60.0  162.00  2048 2074 2154 2250  1152 1153 1156 1200 +hsync +vsync (72.0 kHz e)
[    30.245] (II) modeset(0): Modeline "1920x1200"x59.9  193.25  1920 2056 2256 2592  1200 1203 1209 1245 -hsync +vsync (74.6 kHz e)
[    30.245] (II) modeset(0): Modeline "1920x1200"x60.0  154.00  1920 1968 2000 2080  1200 1203 1209 1235 +hsync -vsync (74.0 kHz e)
[    30.245] (II) modeset(0): Modeline "1920x1080"x60.0  148.50  1920 2008 2052 2200  1080 1084 1089 1125 -hsync -vsync (67.5 kHz e)
[    30.245] (II) modeset(0): Modeline "1600x1200"x60.0  162.00  1600 1664 1856 2160  1200 1201 1204 1250 +hsync +vsync (75.0 kHz e)
[    30.245] (II) modeset(0): Modeline "1680x1050"x60.0  146.25  1680 1784 1960 2240  1050 1053 1059 1089 -hsync +vsync (65.3 kHz e)
[    30.245] (II) modeset(0): Modeline "1680x1050"x59.9  119.00  1680 1728 1760 1840  1050 1053 1059 1080 +hsync -vsync (64.7 kHz e)
[    30.245] (II) modeset(0): Modeline "1400x1050"x60.0  121.75  1400 1488 1632 1864  1050 1053 1057 1089 -hsync +vsync (65.3 kHz e)
[    30.245] (II) modeset(0): Modeline "1400x1050"x59.9  101.00  1400 1448 1480 1560  1050 1053 1057 1080 +hsync -vsync (64.7 kHz e)
[    30.245] (II) modeset(0): Modeline "1600x900"x60.0  108.00  1600 1624 1704 1800  900 901 904 1000 +hsync +vsync (60.0 kHz e)
[    30.245] (II) modeset(0): Modeline "1280x1024"x60.0  108.00  1280 1328 1440 1688  1024 1025 1028 1066 +hsync +vsync (64.0 kHz e)
[    30.245] (II) modeset(0): Modeline "1440x900"x59.9  106.50  1440 1520 1672 1904  900 903 909 934 -hsync +vsync (55.9 kHz e)
[    30.245] (II) modeset(0): Modeline "1440x900"x59.9   88.75  1440 1488 1520 1600  900 903 909 926 +hsync -vsync (55.5 kHz e)
[    30.245] (II) modeset(0): Modeline "1280x960"x60.0  108.00  1280 1376 1488 1800  960 961 964 1000 +hsync +vsync (60.0 kHz e)
[    30.246] (II) modeset(0): Modeline "1366x768"x59.8   85.50  1366 1436 1579 1792  768 771 774 798 +hsync +vsync (47.7 kHz e)
[    30.246] (II) modeset(0): Modeline "1366x768"x60.0   72.00  1366 1380 1436 1500  768 769 772 800 +hsync +vsync (48.0 kHz e)
[    30.246] (II) modeset(0): Modeline "1360x768"x60.0   85.50  1360 1424 1536 1792  768 771 777 795 +hsync +vsync (47.7 kHz e)
[    30.246] (II) modeset(0): Modeline "1280x800"x59.8   83.50  1280 1352 1480 1680  800 803 809 831 -hsync +vsync (49.7 kHz e)
[    30.246] (II) modeset(0): Modeline "1280x800"x59.9   71.00  1280 1328 1360 1440  800 803 809 823 +hsync -vsync (49.3 kHz e)
[    30.246] (II) modeset(0): Modeline "1280x768"x59.9   79.50  1280 1344 1472 1664  768 771 778 798 -hsync +vsync (47.8 kHz e)
[    30.246] (II) modeset(0): Modeline "1280x768"x60.0   68.25  1280 1328 1360 1440  768 771 778 790 +hsync -vsync (47.4 kHz e)
[    30.246] (II) modeset(0): Modeline "1280x720"x60.0   74.25  1280 1390 1430 1650  720 725 730 750 +hsync +vsync (45.0 kHz e)
[    30.246] (II) modeset(0): Modeline "1024x768"x60.0   65.00  1024 1048 1184 1344  768 771 777 806 -hsync -vsync (48.4 kHz e)
[    30.246] (II) modeset(0): Modeline "800x600"x60.3   40.00  800 840 968 1056  600 601 605 628 +hsync +vsync (37.9 kHz e)
[    30.246] (II) modeset(0): Modeline "800x600"x56.2   36.00  800 824 896 1024  600 601 603 625 +hsync +vsync (35.2 kHz e)
[    30.246] (II) modeset(0): Modeline "848x480"x60.0   33.75  848 864 976 1088  480 486 494 517 +hsync +vsync (31.0 kHz e)
[    30.247] (II) modeset(0): Modeline "640x480"x59.9   25.18  640 656 752 800  480 490 492 525 -hsync -vsync (31.5 kHz e)
[    30.247] (II) modeset(0): Output VGA-1 connected
[    30.247] (II) modeset(0): Using exact sizes for initial modes
[    30.247] (II) modeset(0): Output VGA-1 using initial mode 1920x950 +0+0
[    30.247] (==) modeset(0): Using gamma correction (1.0, 1.0, 1.0)
[    30.247] (==) modeset(0): DPI set to (96, 96)
[    30.247] (II) Loading sub module "fb"
[    30.247] (II) LoadModule: "fb"
[    30.247] (II) Loading /usr/lib/xorg/modules/libfb.so
[    30.250] (II) Module fb: vendor="X.Org Foundation"
[    30.250] 	compiled for 1.20.1, module version = 1.0.0
[    30.250] 	ABI class: X.Org ANSI C Emulation, version 0.4
[    30.250] (II) UnloadModule: "fbdev"
[    30.251] (II) Unloading fbdev
[    30.251] (II) UnloadSubModule: "fbdevhw"
[    30.251] (II) Unloading fbdevhw
[    30.251] (II) UnloadModule: "vesa"
[    30.251] (II) Unloading vesa
[    30.253] (==) modeset(0): Backing store enabled
[    30.253] (==) modeset(0): Silken mouse enabled
[    30.255] (II) modeset(0): Initializing kms color map for depth 24, 8 bpc.
[    30.255] (==) modeset(0): DPMS enabled
[    30.255] (II) Initializing extension Generic Event Extension
[    30.256] (II) Initializing extension SHAPE
[    30.256] (II) Initializing extension MIT-SHM
[    30.256] (II) Initializing extension XInputExtension
[    30.258] (II) Initializing extension XTEST
[    30.258] (II) Initializing extension BIG-REQUESTS
[    30.258] (II) Initializing extension SYNC
[    30.258] (II) Initializing extension XKEYBOARD
[    30.259] (II) Initializing extension XC-MISC
[    30.259] (II) Initializing extension SECURITY
[    30.259] (II) Initializing extension XFIXES
[    30.259] (II) Initializing extension RENDER
[    30.260] (II) Initializing extension RANDR
[    30.260] (II) Initializing extension COMPOSITE
[    30.260] (II) Initializing extension DAMAGE
[    30.261] (II) Initializing extension MIT-SCREEN-SAVER
[    30.261] (II) Initializing extension DOUBLE-BUFFER
[    30.261] (II) Initializing extension RECORD
[    30.261] (II) Initializing extension DPMS
[    30.262] (II) Initializing extension Present
[    30.262] (II) Initializing extension DRI3
[    30.262] (II) Initializing extension X-Resource
[    30.262] (II) Initializing extension XVideo
[    30.262] (II) Initializing extension XVideo-MotionCompensation
[    30.263] (II) Initializing extension SELinux
[    30.263] (II) SELinux: Disabled on system
[    30.263] (II) Initializing extension GLX
[    30.264] (II) AIGLX: Screen 0 is not DRI2 capable
[    30.267] (II) IGLX: Loaded and initialized swrast
[    30.267] (II) GLX: Initialized DRISWRAST GL provider for screen 0
[    30.267] (II) Initializing extension XFree86-VidModeExtension
[    30.267] (II) Initializing extension XFree86-DGA
[    30.267] (II) Initializing extension XFree86-DRI
[    30.267] (II) Initializing extension DRI2
[    30.268] (II) modeset(0): Damage tracking initialized
[    30.268] (II) modeset(0): Setting screen physical size to 508 x 251
[    30.378] (II) config/udev: Adding input device Power Button (/dev/input/event0)
[    30.378] (**) Power Button: Applying InputClass "libinput keyboard catchall"
[    30.378] (II) LoadModule: "libinput"
[    30.378] (II) Loading /usr/lib/xorg/modules/input/libinput_drv.so
[    30.386] (II) Module libinput: vendor="X.Org Foundation"
[    30.386] 	compiled for 1.20.1, module version = 0.28.1
[    30.386] 	Module class: X.Org XInput Driver
[    30.386] 	ABI class: X.Org XInput driver, version 24.1
[    30.386] (II) Using input driver 'libinput' for 'Power Button'
[    30.390] (II) systemd-logind: got fd for /dev/input/event0 13:64 fd 20 paused 0
[    30.390] (**) Power Button: always reports core events
[    30.390] (**) Option "Device" "/dev/input/event0"
[    30.390] (**) Option "_source" "server/udev"
[    30.396] (II) event0  - Power Button: is tagged by udev as: Keyboard
[    30.396] (II) event0  - Power Button: device is a keyboard
[    30.397] (II) event0  - Power Button: device removed
[    30.397] (**) Option "config_info" "udev:/sys/devices/LNXSYSTM:00/LNXPWRBN:00/input/input0/event0"
[    30.397] (II) XINPUT: Adding extended input device "Power Button" (type: KEYBOARD, id 6)
[    30.397] (**) Option "xkb_model" "pc105"
[    30.397] (**) Option "xkb_layout" "tr"
[    30.397] (**) Option "xkb_variant" "sundeadkeys"
[    30.458] (II) event0  - Power Button: is tagged by udev as: Keyboard
[    30.458] (II) event0  - Power Button: device is a keyboard
[    30.458] (II) config/udev: Adding input device Sleep Button (/dev/input/event1)
[    30.458] (**) Sleep Button: Applying InputClass "libinput keyboard catchall"
[    30.458] (II) Using input driver 'libinput' for 'Sleep Button'
[    30.459] (II) systemd-logind: got fd for /dev/input/event1 13:65 fd 23 paused 0
[    30.459] (**) Sleep Button: always reports core events
[    30.459] (**) Option "Device" "/dev/input/event1"
[    30.459] (**) Option "_source" "server/udev"
[    30.460] (II) event1  - Sleep Button: is tagged by udev as: Keyboard
[    30.460] (II) event1  - Sleep Button: device is a keyboard
[    30.460] (II) event1  - Sleep Button: device removed
[    30.460] (**) Option "config_info" "udev:/sys/devices/LNXSYSTM:00/LNXSLPBN:00/input/input1/event1"
[    30.460] (II) XINPUT: Adding extended input device "Sleep Button" (type: KEYBOARD, id 7)
[    30.460] (**) Option "xkb_model" "pc105"
[    30.460] (**) Option "xkb_layout" "tr"
[    30.460] (**) Option "xkb_variant" "sundeadkeys"
[    30.461] (II) event1  - Sleep Button: is tagged by udev as: Keyboard
[    30.461] (II) event1  - Sleep Button: device is a keyboard
[    30.461] (II) config/udev: Adding input device Video Bus (/dev/input/event5)
[    30.461] (**) Video Bus: Applying InputClass "libinput keyboard catchall"
[    30.461] (II) Using input driver 'libinput' for 'Video Bus'
[    30.464] (II) systemd-logind: got fd for /dev/input/event5 13:69 fd 24 paused 0
[    30.465] (**) Video Bus: always reports core events
[    30.465] (**) Option "Device" "/dev/input/event5"
[    30.465] (**) Option "_source" "server/udev"
[    30.467] (II) event5  - Video Bus: is tagged by udev as: Keyboard
[    30.467] (II) event5  - Video Bus: device is a keyboard
[    30.467] (II) event5  - Video Bus: device removed
[    30.467] (**) Option "config_info" "udev:/sys/devices/LNXSYSTM:00/LNXSYBUS:00/PNP0A03:00/LNXVIDEO:00/input/input6/event5"
[    30.467] (II) XINPUT: Adding extended input device "Video Bus" (type: KEYBOARD, id 8)
[    30.467] (**) Option "xkb_model" "pc105"
[    30.467] (**) Option "xkb_layout" "tr"
[    30.467] (**) Option "xkb_variant" "sundeadkeys"
[    30.472] (II) event5  - Video Bus: is tagged by udev as: Keyboard
[    30.472] (II) event5  - Video Bus: device is a keyboard
[    30.473] (II) config/udev: Adding input device VirtualBox mouse integration (/dev/input/event6)
[    30.473] (**) VirtualBox mouse integration: Applying InputClass "libinput pointer catchall"
[    30.473] (II) Using input driver 'libinput' for 'VirtualBox mouse integration'
[    30.475] (II) systemd-logind: got fd for /dev/input/event6 13:70 fd 25 paused 0
[    30.475] (**) VirtualBox mouse integration: always reports core events
[    30.475] (**) Option "Device" "/dev/input/event6"
[    30.475] (**) Option "_source" "server/udev"
[    30.477] (II) event6  - VirtualBox mouse integration: is tagged by udev as: Mouse
[    30.477] (II) event6  - VirtualBox mouse integration: device is a pointer
[    30.477] (II) event6  - VirtualBox mouse integration: device removed
[    30.477] (**) Option "config_info" "udev:/sys/devices/pci0000:00/0000:00:04.0/input/input7/event6"
[    30.477] (II) XINPUT: Adding extended input device "VirtualBox mouse integration" (type: MOUSE, id 9)
[    30.477] (**) Option "AccelerationScheme" "none"
[    30.478] (**) VirtualBox mouse integration: (accel) selected scheme none/0
[    30.478] (**) VirtualBox mouse integration: (accel) acceleration factor: 2.000
[    30.478] (**) VirtualBox mouse integration: (accel) acceleration threshold: 4
[    30.479] (II) event6  - VirtualBox mouse integration: is tagged by udev as: Mouse
[    30.479] (II) event6  - VirtualBox mouse integration: device is a pointer
[    30.479] (II) config/udev: Adding input device VirtualBox mouse integration (/dev/input/js1)
[    30.479] (II) No input driver specified, ignoring this device.
[    30.479] (II) This device may have been added with another device file.
[    30.480] (II) config/udev: Adding input device VirtualBox USB Tablet (/dev/input/event4)
[    30.480] (**) VirtualBox USB Tablet: Applying InputClass "libinput pointer catchall"
[    30.480] (II) Using input driver 'libinput' for 'VirtualBox USB Tablet'
[    30.540] (II) systemd-logind: got fd for /dev/input/event4 13:68 fd 26 paused 0
[    30.540] (**) VirtualBox USB Tablet: always reports core events
[    30.540] (**) Option "Device" "/dev/input/event4"
[    30.540] (**) Option "_source" "server/udev"
[    30.542] (II) event4  - VirtualBox USB Tablet: is tagged by udev as: Mouse
[    30.542] (II) event4  - VirtualBox USB Tablet: device is a pointer
[    30.542] (II) event4  - VirtualBox USB Tablet: device removed
[    30.542] (**) Option "config_info" "udev:/sys/devices/pci0000:00/0000:00:06.0/usb1/1-1/1-1:1.0/0003:80EE:0021.0001/input/input5/event4"
[    30.542] (II) XINPUT: Adding extended input device "VirtualBox USB Tablet" (type: MOUSE, id 10)
[    30.542] (**) Option "AccelerationScheme" "none"
[    30.542] (**) VirtualBox USB Tablet: (accel) selected scheme none/0
[    30.542] (**) VirtualBox USB Tablet: (accel) acceleration factor: 2.000
[    30.542] (**) VirtualBox USB Tablet: (accel) acceleration threshold: 4
[    30.543] (II) event4  - VirtualBox USB Tablet: is tagged by udev as: Mouse
[    30.543] (II) event4  - VirtualBox USB Tablet: device is a pointer
[    30.544] (II) config/udev: Adding input device VirtualBox USB Tablet (/dev/input/js0)
[    30.544] (II) No input driver specified, ignoring this device.
[    30.544] (II) This device may have been added with another device file.
[    30.544] (II) config/udev: Adding input device VirtualBox USB Tablet (/dev/input/mouse1)
[    30.544] (II) No input driver specified, ignoring this device.
[    30.544] (II) This device may have been added with another device file.
[    30.545] (II) config/udev: Adding input device AT Translated Set 2 keyboard (/dev/input/event2)
[    30.545] (**) AT Translated Set 2 keyboard: Applying InputClass "libinput keyboard catchall"
[    30.545] (II) Using input driver 'libinput' for 'AT Translated Set 2 keyboard'
[    30.546] (II) systemd-logind: got fd for /dev/input/event2 13:66 fd 27 paused 0
[    30.546] (**) AT Translated Set 2 keyboard: always reports core events
[    30.546] (**) Option "Device" "/dev/input/event2"
[    30.546] (**) Option "_source" "server/udev"
[    30.547] (II) event2  - AT Translated Set 2 keyboard: is tagged by udev as: Keyboard
[    30.547] (II) event2  - AT Translated Set 2 keyboard: device is a keyboard
[    30.547] (II) event2  - AT Translated Set 2 keyboard: device removed
[    30.548] (**) Option "config_info" "udev:/sys/devices/platform/i8042/serio0/input/input2/event2"
[    30.548] (II) XINPUT: Adding extended input device "AT Translated Set 2 keyboard" (type: KEYBOARD, id 11)
[    30.548] (**) Option "xkb_model" "pc105"
[    30.548] (**) Option "xkb_layout" "tr"
[    30.548] (**) Option "xkb_variant" "sundeadkeys"
[    30.549] (II) event2  - AT Translated Set 2 keyboard: is tagged by udev as: Keyboard
[    30.549] (II) event2  - AT Translated Set 2 keyboard: device is a keyboard
[    30.550] (II) config/udev: Adding input device ImExPS/2 Generic Explorer Mouse (/dev/input/event3)
[    30.550] (**) ImExPS/2 Generic Explorer Mouse: Applying InputClass "libinput pointer catchall"
[    30.550] (II) Using input driver 'libinput' for 'ImExPS/2 Generic Explorer Mouse'
[    30.551] (II) systemd-logind: got fd for /dev/input/event3 13:67 fd 28 paused 0
[    30.551] (**) ImExPS/2 Generic Explorer Mouse: always reports core events
[    30.551] (**) Option "Device" "/dev/input/event3"
[    30.552] (**) Option "_source" "server/udev"
[    30.553] (II) event3  - ImExPS/2 Generic Explorer Mouse: is tagged by udev as: Mouse
[    30.553] (II) event3  - ImExPS/2 Generic Explorer Mouse: device is a pointer
[    30.553] (II) event3  - ImExPS/2 Generic Explorer Mouse: device removed
[    30.553] (**) Option "config_info" "udev:/sys/devices/platform/i8042/serio1/input/input4/event3"
[    30.554] (II) XINPUT: Adding extended input device "ImExPS/2 Generic Explorer Mouse" (type: MOUSE, id 12)
[    30.554] (**) Option "AccelerationScheme" "none"
[    30.554] (**) ImExPS/2 Generic Explorer Mouse: (accel) selected scheme none/0
[    30.554] (**) ImExPS/2 Generic Explorer Mouse: (accel) acceleration factor: 2.000
[    30.554] (**) ImExPS/2 Generic Explorer Mouse: (accel) acceleration threshold: 4
[    30.555] (II) event3  - ImExPS/2 Generic Explorer Mouse: is tagged by udev as: Mouse
[    30.555] (II) event3  - ImExPS/2 Generic Explorer Mouse: device is a pointer
[    30.556] (II) config/udev: Adding input device ImExPS/2 Generic Explorer Mouse (/dev/input/mouse0)
[    30.556] (II) No input driver specified, ignoring this device.
[    30.556] (II) This device may have been added with another device file.
[    33.623] (II) modeset(0): EDID vendor "VBX", prod id 0
[    33.623] (II) modeset(0): DDCModeFromDetailedTiming: 1920x950 Warning: We only handle separate sync.
[    33.623] (II) modeset(0): Using EDID range info for horizontal sync
[    33.623] (II) modeset(0): Using EDID range info for vertical refresh
